[16:38:55] [Server thread/INFO]: Starting minecraft server version 1.8.8
[16:38:55] [Server thread/INFO]: Loading properties
[16:38:55] [Server thread/INFO]: Default game type: SURVIVAL
[16:38:55] [Server thread/INFO]: This server is running CraftBukkit version git-Spigot-21fe707-741a1bd (MC: 1.8.8) (Implementing API version 1.8.8-R0.1-SNAPSHOT)
[16:38:55] [Server thread/INFO]: Debug logging is disabled
[16:38:55] [Server thread/INFO]: Server Ping Player Sample Count: 12
[16:38:55] [Server thread/INFO]: Using 4 threads for Netty based IO
[16:38:55] [Server thread/INFO]: Generating keypair
[16:38:56] [Server thread/INFO]: Starting Minecraft server on 127.0.0.1:25567
[16:38:56] [Server thread/INFO]: Using default channel type
[16:38:56] [Server thread/WARN]: **** SERVER IS RUNNING IN OFFLINE/INSECURE MODE!
[16:38:56] [Server thread/WARN]: The server will make no attempt to authenticate usernames. Beware.
[16:38:56] [Server thread/WARN]: Whilst this makes it possible to use BungeeCord, unless access to your server is properly restricted, it also opens up the ability for hackers to connect with any username they choose.
[16:38:56] [Server thread/WARN]: Please see http://www.spigotmc.org/wiki/firewall-guide/ for further information.
[16:38:56] [Server thread/WARN]: To change this, set "online-mode" to "true" in the server.properties file.
[16:38:56] [Server thread/INFO]: **** Beginning UUID conversion, this may take A LONG time ****
[16:38:56] [Server thread/INFO]: Preparing level "world"
[16:38:56] [Server thread/INFO]: -------- World Settings For [world] --------
[16:38:56] [Server thread/INFO]: Experience Merge Radius: 3.0
[16:38:56] [Server thread/INFO]: Chunks to Grow per Tick: 650
[16:38:56] [Server thread/INFO]: Clear tick list: false
[16:38:56] [Server thread/INFO]: Item Merge Radius: 2.5
[16:38:56] [Server thread/INFO]: Item Despawn Rate: 6000
[16:38:56] [Server thread/INFO]: Allow Zombie Pigmen to spawn from portal blocks: true
[16:38:56] [Server thread/INFO]: Arrow Despawn Rate: 1200
[16:38:56] [Server thread/INFO]: Zombie Aggressive Towards Villager: true
[16:38:56] [Server thread/INFO]: View Distance: 10
[16:38:56] [Server thread/INFO]: Max Entity Collisions: 8
[16:38:56] [Server thread/INFO]: Custom Map Seeds:  Village: 10387312 Feature: 14357617
[16:38:56] [Server thread/INFO]: Mob Spawn Range: 4
[16:38:56] [Server thread/INFO]: Anti X-Ray: true
[16:38:56] [Server thread/INFO]: 	Engine Mode: 1
[16:38:56] [Server thread/INFO]: 	Hidden Blocks: [14, 15, 16, 21, 48, 49, 54, 56, 73, 74, 82, 129, 130]
[16:38:56] [Server thread/INFO]: 	Replace Blocks: [1, 5]
[16:38:56] [Server thread/INFO]: Structure Info Saving: true
[16:38:56] [Server thread/INFO]: Tile Max Tick Time: 50ms Entity max Tick Time: 50ms
[16:38:56] [Server thread/INFO]: Max TNT Explosions: 100
[16:38:56] [Server thread/INFO]: Hopper Transfer: 8 Hopper Check: 8 Hopper Amount: 1
[16:38:56] [Server thread/INFO]: Random Lighting Updates: false
[16:38:56] [Server thread/INFO]: Cactus Growth Modifier: 100%
[16:38:56] [Server thread/INFO]: Cane Growth Modifier: 100%
[16:38:56] [Server thread/INFO]: Melon Growth Modifier: 100%
[16:38:56] [Server thread/INFO]: Mushroom Growth Modifier: 100%
[16:38:56] [Server thread/INFO]: Pumpkin Growth Modifier: 100%
[16:38:56] [Server thread/INFO]: Sapling Growth Modifier: 100%
[16:38:56] [Server thread/INFO]: Wheat Growth Modifier: 100%
[16:38:56] [Server thread/INFO]: NetherWart Growth Modifier: 100%
[16:38:56] [Server thread/INFO]: Entity Activation Range: An 32 / Mo 32 / Mi 16
[16:38:56] [Server thread/INFO]: Entity Tracking Range: Pl 48 / An 48 / Mo 48 / Mi 32 / Other 64
[16:38:56] [Server thread/INFO]: Nerfing mobs spawned from spawners: false
[16:38:56] [Server thread/INFO]: Sending up to 10 chunks per packet
[16:38:56] [Server thread/INFO]: -------- World Settings For [world_nether] --------
[16:38:56] [Server thread/INFO]: Experience Merge Radius: 3.0
[16:38:56] [Server thread/INFO]: Chunks to Grow per Tick: 650
[16:38:56] [Server thread/INFO]: Clear tick list: false
[16:38:56] [Server thread/INFO]: Item Merge Radius: 2.5
[16:38:56] [Server thread/INFO]: Item Despawn Rate: 6000
[16:38:56] [Server thread/INFO]: Allow Zombie Pigmen to spawn from portal blocks: true
[16:38:56] [Server thread/INFO]: Arrow Despawn Rate: 1200
[16:38:56] [Server thread/INFO]: Zombie Aggressive Towards Villager: true
[16:38:56] [Server thread/INFO]: View Distance: 10
[16:38:56] [Server thread/INFO]: Max Entity Collisions: 8
[16:38:56] [Server thread/INFO]: Custom Map Seeds:  Village: 10387312 Feature: 14357617
[16:38:56] [Server thread/INFO]: Mob Spawn Range: 4
[16:38:56] [Server thread/INFO]: Anti X-Ray: true
[16:38:56] [Server thread/INFO]: 	Engine Mode: 1
[16:38:56] [Server thread/INFO]: 	Hidden Blocks: [14, 15, 16, 21, 48, 49, 54, 56, 73, 74, 82, 129, 130]
[16:38:56] [Server thread/INFO]: 	Replace Blocks: [1, 5]
[16:38:56] [Server thread/INFO]: Structure Info Saving: true
[16:38:56] [Server thread/INFO]: Tile Max Tick Time: 50ms Entity max Tick Time: 50ms
[16:38:56] [Server thread/INFO]: Max TNT Explosions: 100
[16:38:56] [Server thread/INFO]: Hopper Transfer: 8 Hopper Check: 8 Hopper Amount: 1
[16:38:56] [Server thread/INFO]: Random Lighting Updates: false
[16:38:56] [Server thread/INFO]: Cactus Growth Modifier: 100%
[16:38:56] [Server thread/INFO]: Cane Growth Modifier: 100%
[16:38:56] [Server thread/INFO]: Melon Growth Modifier: 100%
[16:38:56] [Server thread/INFO]: Mushroom Growth Modifier: 100%
[16:38:56] [Server thread/INFO]: Pumpkin Growth Modifier: 100%
[16:38:56] [Server thread/INFO]: Sapling Growth Modifier: 100%
[16:38:56] [Server thread/INFO]: Wheat Growth Modifier: 100%
[16:38:56] [Server thread/INFO]: NetherWart Growth Modifier: 100%
[16:38:56] [Server thread/INFO]: Entity Activation Range: An 32 / Mo 32 / Mi 16
[16:38:56] [Server thread/INFO]: Entity Tracking Range: Pl 48 / An 48 / Mo 48 / Mi 32 / Other 64
[16:38:56] [Server thread/INFO]: Nerfing mobs spawned from spawners: false
[16:38:56] [Server thread/INFO]: Sending up to 10 chunks per packet
[16:38:56] [Server thread/INFO]: -------- World Settings For [world_the_end] --------
[16:38:56] [Server thread/INFO]: Experience Merge Radius: 3.0
[16:38:56] [Server thread/INFO]: Chunks to Grow per Tick: 650
[16:38:56] [Server thread/INFO]: Clear tick list: false
[16:38:56] [Server thread/INFO]: Item Merge Radius: 2.5
[16:38:56] [Server thread/INFO]: Item Despawn Rate: 6000
[16:38:56] [Server thread/INFO]: Allow Zombie Pigmen to spawn from portal blocks: true
[16:38:56] [Server thread/INFO]: Arrow Despawn Rate: 1200
[16:38:56] [Server thread/INFO]: Zombie Aggressive Towards Villager: true
[16:38:56] [Server thread/INFO]: View Distance: 10
[16:38:56] [Server thread/INFO]: Max Entity Collisions: 8
[16:38:56] [Server thread/INFO]: Custom Map Seeds:  Village: 10387312 Feature: 14357617
[16:38:56] [Server thread/INFO]: Mob Spawn Range: 4
[16:38:56] [Server thread/INFO]: Anti X-Ray: true
[16:38:56] [Server thread/INFO]: 	Engine Mode: 1
[16:38:56] [Server thread/INFO]: 	Hidden Blocks: [14, 15, 16, 21, 48, 49, 54, 56, 73, 74, 82, 129, 130]
[16:38:56] [Server thread/INFO]: 	Replace Blocks: [1, 5]
[16:38:56] [Server thread/INFO]: Structure Info Saving: true
[16:38:56] [Server thread/INFO]: Tile Max Tick Time: 50ms Entity max Tick Time: 50ms
[16:38:56] [Server thread/INFO]: Max TNT Explosions: 100
[16:38:56] [Server thread/INFO]: Hopper Transfer: 8 Hopper Check: 8 Hopper Amount: 1
[16:38:56] [Server thread/INFO]: Random Lighting Updates: false
[16:38:56] [Server thread/INFO]: Cactus Growth Modifier: 100%
[16:38:56] [Server thread/INFO]: Cane Growth Modifier: 100%
[16:38:56] [Server thread/INFO]: Melon Growth Modifier: 100%
[16:38:56] [Server thread/INFO]: Mushroom Growth Modifier: 100%
[16:38:56] [Server thread/INFO]: Pumpkin Growth Modifier: 100%
[16:38:56] [Server thread/INFO]: Sapling Growth Modifier: 100%
[16:38:56] [Server thread/INFO]: Wheat Growth Modifier: 100%
[16:38:56] [Server thread/INFO]: NetherWart Growth Modifier: 100%
[16:38:56] [Server thread/INFO]: Entity Activation Range: An 32 / Mo 32 / Mi 16
[16:38:56] [Server thread/INFO]: Entity Tracking Range: Pl 48 / An 48 / Mo 48 / Mi 32 / Other 64
[16:38:56] [Server thread/INFO]: Nerfing mobs spawned from spawners: false
[16:38:56] [Server thread/INFO]: Sending up to 10 chunks per packet
[16:38:56] [Server thread/INFO]: Preparing start region for level 0 (Seed: 2388744236144171854)
[16:38:57] [Server thread/INFO]: Preparing start region for level 1 (Seed: 2388744236144171854)
[16:38:58] [Server thread/INFO]: Preparing start region for level 2 (Seed: 2388744236144171854)
[16:38:58] [Server thread/INFO]: Server permissions file permissions.yml is empty, ignoring it
[16:38:58] [Server thread/INFO]: Done (2,247s)! For help, type "help" or "?"
[16:50:20] [Server thread/INFO]: /127.0.0.1:50797 lost connection: If you wish to use IP forwarding, please enable it in your BungeeCord config as well!
[16:51:59] [Server thread/INFO]: /127.0.0.1:50825 lost connection: If you wish to use IP forwarding, please enable it in your BungeeCord config as well!
[16:52:18] [Server thread/INFO]: /127.0.0.1:50832 lost connection: If you wish to use IP forwarding, please enable it in your BungeeCord config as well!
