[16:39:12] [Server thread/INFO]: Starting minecraft server version 1.8.8
[16:39:12] [Server thread/INFO]: Loading properties
[16:39:12] [Server thread/INFO]: Default game type: SURVIVAL
[16:39:13] [Server thread/INFO]: This server is running CraftBukkit version git-Spigot-21fe707-741a1bd (MC: 1.8.8) (Implementing API version 1.8.8-R0.1-SNAPSHOT)
[16:39:13] [Server thread/INFO]: Debug logging is disabled
[16:39:13] [Server thread/INFO]: Server Ping Player Sample Count: 12
[16:39:13] [Server thread/INFO]: Using 4 threads for Netty based IO
[16:39:13] [Server thread/INFO]: Generating keypair
[16:39:13] [Server thread/INFO]: Starting Minecraft server on 127.0.0.1:25566
[16:39:13] [Server thread/INFO]: Using default channel type
[16:39:13] [Server thread/WARN]: **** SERVER IS RUNNING IN OFFLINE/INSECURE MODE!
[16:39:13] [Server thread/WARN]: The server will make no attempt to authenticate usernames. Beware.
[16:39:13] [Server thread/WARN]: Whilst this makes it possible to use BungeeCord, unless access to your server is properly restricted, it also opens up the ability for hackers to connect with any username they choose.
[16:39:13] [Server thread/WARN]: Please see http://www.spigotmc.org/wiki/firewall-guide/ for further information.
[16:39:13] [Server thread/WARN]: To change this, set "online-mode" to "true" in the server.properties file.
[16:39:13] [Server thread/INFO]: **** Beginning UUID conversion, this may take A LONG time ****
[16:39:13] [Server thread/INFO]: Preparing level "world"
[16:39:13] [Server thread/INFO]: -------- World Settings For [world] --------
[16:39:13] [Server thread/INFO]: Allow Zombie Pigmen to spawn from portal blocks: true
[16:39:13] [Server thread/INFO]: Arrow Despawn Rate: 1200
[16:39:13] [Server thread/INFO]: View Distance: 10
[16:39:13] [Server thread/INFO]: Item Despawn Rate: 6000
[16:39:13] [Server thread/INFO]: Item Merge Radius: 2.5
[16:39:13] [Server thread/INFO]: Max Entity Collisions: 8
[16:39:13] [Server thread/INFO]: Custom Map Seeds:  Village: 10387312 Feature: 14357617
[16:39:13] [Server thread/INFO]: Chunks to Grow per Tick: 650
[16:39:13] [Server thread/INFO]: Clear tick list: false
[16:39:13] [Server thread/INFO]: Experience Merge Radius: 3.0
[16:39:13] [Server thread/INFO]: Zombie Aggressive Towards Villager: true
[16:39:13] [Server thread/INFO]: Entity Activation Range: An 32 / Mo 32 / Mi 16
[16:39:13] [Server thread/INFO]: Entity Tracking Range: Pl 48 / An 48 / Mo 48 / Mi 32 / Other 64
[16:39:13] [Server thread/INFO]: Mob Spawn Range: 4
[16:39:13] [Server thread/INFO]: Hopper Transfer: 8 Hopper Check: 8 Hopper Amount: 1
[16:39:13] [Server thread/INFO]: Random Lighting Updates: false
[16:39:13] [Server thread/INFO]: Nerfing mobs spawned from spawners: false
[16:39:13] [Server thread/INFO]: Anti X-Ray: true
[16:39:13] [Server thread/INFO]: 	Engine Mode: 1
[16:39:13] [Server thread/INFO]: 	Hidden Blocks: [14, 15, 16, 21, 48, 49, 54, 56, 73, 74, 82, 129, 130]
[16:39:13] [Server thread/INFO]: 	Replace Blocks: [1, 5]
[16:39:13] [Server thread/INFO]: Cactus Growth Modifier: 100%
[16:39:13] [Server thread/INFO]: Cane Growth Modifier: 100%
[16:39:13] [Server thread/INFO]: Melon Growth Modifier: 100%
[16:39:13] [Server thread/INFO]: Mushroom Growth Modifier: 100%
[16:39:13] [Server thread/INFO]: Pumpkin Growth Modifier: 100%
[16:39:13] [Server thread/INFO]: Sapling Growth Modifier: 100%
[16:39:13] [Server thread/INFO]: Wheat Growth Modifier: 100%
[16:39:13] [Server thread/INFO]: NetherWart Growth Modifier: 100%
[16:39:13] [Server thread/INFO]: Max TNT Explosions: 100
[16:39:13] [Server thread/INFO]: Tile Max Tick Time: 50ms Entity max Tick Time: 50ms
[16:39:13] [Server thread/INFO]: Sending up to 10 chunks per packet
[16:39:13] [Server thread/INFO]: Structure Info Saving: true
[16:39:13] [Server thread/INFO]: -------- World Settings For [world_nether] --------
[16:39:13] [Server thread/INFO]: Allow Zombie Pigmen to spawn from portal blocks: true
[16:39:13] [Server thread/INFO]: Arrow Despawn Rate: 1200
[16:39:13] [Server thread/INFO]: View Distance: 10
[16:39:13] [Server thread/INFO]: Item Despawn Rate: 6000
[16:39:13] [Server thread/INFO]: Item Merge Radius: 2.5
[16:39:13] [Server thread/INFO]: Max Entity Collisions: 8
[16:39:13] [Server thread/INFO]: Custom Map Seeds:  Village: 10387312 Feature: 14357617
[16:39:13] [Server thread/INFO]: Chunks to Grow per Tick: 650
[16:39:13] [Server thread/INFO]: Clear tick list: false
[16:39:13] [Server thread/INFO]: Experience Merge Radius: 3.0
[16:39:13] [Server thread/INFO]: Zombie Aggressive Towards Villager: true
[16:39:13] [Server thread/INFO]: Entity Activation Range: An 32 / Mo 32 / Mi 16
[16:39:13] [Server thread/INFO]: Entity Tracking Range: Pl 48 / An 48 / Mo 48 / Mi 32 / Other 64
[16:39:13] [Server thread/INFO]: Mob Spawn Range: 4
[16:39:13] [Server thread/INFO]: Hopper Transfer: 8 Hopper Check: 8 Hopper Amount: 1
[16:39:13] [Server thread/INFO]: Random Lighting Updates: false
[16:39:13] [Server thread/INFO]: Nerfing mobs spawned from spawners: false
[16:39:13] [Server thread/INFO]: Anti X-Ray: true
[16:39:13] [Server thread/INFO]: 	Engine Mode: 1
[16:39:13] [Server thread/INFO]: 	Hidden Blocks: [14, 15, 16, 21, 48, 49, 54, 56, 73, 74, 82, 129, 130]
[16:39:13] [Server thread/INFO]: 	Replace Blocks: [1, 5]
[16:39:13] [Server thread/INFO]: Cactus Growth Modifier: 100%
[16:39:13] [Server thread/INFO]: Cane Growth Modifier: 100%
[16:39:13] [Server thread/INFO]: Melon Growth Modifier: 100%
[16:39:13] [Server thread/INFO]: Mushroom Growth Modifier: 100%
[16:39:13] [Server thread/INFO]: Pumpkin Growth Modifier: 100%
[16:39:13] [Server thread/INFO]: Sapling Growth Modifier: 100%
[16:39:13] [Server thread/INFO]: Wheat Growth Modifier: 100%
[16:39:13] [Server thread/INFO]: NetherWart Growth Modifier: 100%
[16:39:13] [Server thread/INFO]: Max TNT Explosions: 100
[16:39:13] [Server thread/INFO]: Tile Max Tick Time: 50ms Entity max Tick Time: 50ms
[16:39:13] [Server thread/INFO]: Sending up to 10 chunks per packet
[16:39:13] [Server thread/INFO]: Structure Info Saving: true
[16:39:13] [Server thread/INFO]: -------- World Settings For [world_the_end] --------
[16:39:13] [Server thread/INFO]: Allow Zombie Pigmen to spawn from portal blocks: true
[16:39:13] [Server thread/INFO]: Arrow Despawn Rate: 1200
[16:39:13] [Server thread/INFO]: View Distance: 10
[16:39:13] [Server thread/INFO]: Item Despawn Rate: 6000
[16:39:13] [Server thread/INFO]: Item Merge Radius: 2.5
[16:39:13] [Server thread/INFO]: Max Entity Collisions: 8
[16:39:13] [Server thread/INFO]: Custom Map Seeds:  Village: 10387312 Feature: 14357617
[16:39:13] [Server thread/INFO]: Chunks to Grow per Tick: 650
[16:39:13] [Server thread/INFO]: Clear tick list: false
[16:39:13] [Server thread/INFO]: Experience Merge Radius: 3.0
[16:39:13] [Server thread/INFO]: Zombie Aggressive Towards Villager: true
[16:39:13] [Server thread/INFO]: Entity Activation Range: An 32 / Mo 32 / Mi 16
[16:39:13] [Server thread/INFO]: Entity Tracking Range: Pl 48 / An 48 / Mo 48 / Mi 32 / Other 64
[16:39:13] [Server thread/INFO]: Mob Spawn Range: 4
[16:39:13] [Server thread/INFO]: Hopper Transfer: 8 Hopper Check: 8 Hopper Amount: 1
[16:39:13] [Server thread/INFO]: Random Lighting Updates: false
[16:39:13] [Server thread/INFO]: Nerfing mobs spawned from spawners: false
[16:39:13] [Server thread/INFO]: Anti X-Ray: true
[16:39:13] [Server thread/INFO]: 	Engine Mode: 1
[16:39:13] [Server thread/INFO]: 	Hidden Blocks: [14, 15, 16, 21, 48, 49, 54, 56, 73, 74, 82, 129, 130]
[16:39:13] [Server thread/INFO]: 	Replace Blocks: [1, 5]
[16:39:13] [Server thread/INFO]: Cactus Growth Modifier: 100%
[16:39:13] [Server thread/INFO]: Cane Growth Modifier: 100%
[16:39:13] [Server thread/INFO]: Melon Growth Modifier: 100%
[16:39:13] [Server thread/INFO]: Mushroom Growth Modifier: 100%
[16:39:13] [Server thread/INFO]: Pumpkin Growth Modifier: 100%
[16:39:13] [Server thread/INFO]: Sapling Growth Modifier: 100%
[16:39:13] [Server thread/INFO]: Wheat Growth Modifier: 100%
[16:39:13] [Server thread/INFO]: NetherWart Growth Modifier: 100%
[16:39:13] [Server thread/INFO]: Max TNT Explosions: 100
[16:39:13] [Server thread/INFO]: Tile Max Tick Time: 50ms Entity max Tick Time: 50ms
[16:39:13] [Server thread/INFO]: Sending up to 10 chunks per packet
[16:39:13] [Server thread/INFO]: Structure Info Saving: true
[16:39:13] [Server thread/INFO]: Preparing start region for level 0 (Seed: -3816194701598521113)
[16:39:14] [Server thread/INFO]: Preparing spawn area: 70%
[16:39:15] [Server thread/INFO]: Preparing start region for level 1 (Seed: -3816194701598521113)
[16:39:15] [Server thread/INFO]: Preparing start region for level 2 (Seed: -3816194701598521113)
[16:39:15] [Server thread/INFO]: Server permissions file permissions.yml is empty, ignoring it
[16:39:16] [Server thread/INFO]: Done (2,493s)! For help, type "help" or "?"
[16:40:35] [Server thread/INFO]: /127.0.0.1:50459 lost connection: If you wish to use IP forwarding, please enable it in your BungeeCord config as well!
[16:40:37] [Server thread/INFO]: /127.0.0.1:50462 lost connection: If you wish to use IP forwarding, please enable it in your BungeeCord config as well!
[16:40:39] [Server thread/INFO]: /127.0.0.1:50465 lost connection: If you wish to use IP forwarding, please enable it in your BungeeCord config as well!
[16:44:38] [Server thread/INFO]: /127.0.0.1:50556 lost connection: If you wish to use IP forwarding, please enable it in your BungeeCord config as well!
[16:45:02] [Server thread/INFO]: /127.0.0.1:50570 lost connection: If you wish to use IP forwarding, please enable it in your BungeeCord config as well!
[16:45:04] [Server thread/INFO]: /127.0.0.1:50573 lost connection: If you wish to use IP forwarding, please enable it in your BungeeCord config as well!
[16:45:07] [Server thread/INFO]: /127.0.0.1:50576 lost connection: If you wish to use IP forwarding, please enable it in your BungeeCord config as well!
[16:45:34] [Server thread/INFO]: /127.0.0.1:50627 lost connection: If you wish to use IP forwarding, please enable it in your BungeeCord config as well!
[16:45:40] [Server thread/INFO]: /127.0.0.1:50631 lost connection: If you wish to use IP forwarding, please enable it in your BungeeCord config as well!
[16:46:52] [Server thread/INFO]: /127.0.0.1:50661 lost connection: If you wish to use IP forwarding, please enable it in your BungeeCord config as well!
[16:47:19] [Server thread/INFO]: /127.0.0.1:50710 lost connection: If you wish to use IP forwarding, please enable it in your BungeeCord config as well!
[16:49:44] [Server thread/INFO]: /127.0.0.1:50781 lost connection: If you wish to use IP forwarding, please enable it in your BungeeCord config as well!
[16:49:56] [Server thread/INFO]: /127.0.0.1:50783 lost connection: If you wish to use IP forwarding, please enable it in your BungeeCord config as well!
[16:52:38] [Server thread/INFO]: /127.0.0.1:50879 lost connection: If you wish to use IP forwarding, please enable it in your BungeeCord config as well!
[16:52:41] [Server thread/INFO]: /127.0.0.1:50882 lost connection: If you wish to use IP forwarding, please enable it in your BungeeCord config as well!
[16:52:51] [Server thread/INFO]: /127.0.0.1:50884 lost connection: If you wish to use IP forwarding, please enable it in your BungeeCord config as well!
[16:52:54] [Server thread/INFO]: /127.0.0.1:50887 lost connection: If you wish to use IP forwarding, please enable it in your BungeeCord config as well!
