[10:07:32] [Server thread/INFO]: Midey1901 lost connection: Disconnected
[10:07:32] [Server thread/INFO]: Midey1901 left the game.
[10:07:56] [Thread-8/INFO]: UUID of player Midey1901 is 220ad524-76ba-3fd9-8db5-d7d2733679e1
[10:07:56] [Server thread/INFO]: Midey1901[/127.0.0.1:54084] logged in with entity id 2164 at ([world]253.69999998807907, 64.0, -257.30000001192093)
[10:07:59] [Server thread/INFO]: Midey1901 lost connection: Disconnected
[10:07:59] [Server thread/INFO]: Midey1901 left the game.
[10:08:01] [Thread-9/INFO]: UUID of player Midey1901 is 220ad524-76ba-3fd9-8db5-d7d2733679e1
[10:08:01] [Server thread/INFO]: Midey1901[/127.0.0.1:54086] logged in with entity id 2181 at ([world]252.5, 65.0, -239.5)
[10:08:03] [Server thread/INFO]: Midey1901 issued server command: /rl
[10:08:20] [Server thread/INFO]: Opped Midey1901
[10:08:23] [Server thread/INFO]: Midey1901 issued server command: /rl
[10:08:23] [Server thread/INFO]: Midey1901: [0;31;1mPlease note that this command is not supported and may cause issues when using some plugins.[m
[10:08:23] [Server thread/INFO]: Midey1901: [0;31;1mIf you encounter any issues please use the /stop command to restart your server.[m
[10:08:23] [Server thread/INFO]: Debug logging is disabled
[10:08:23] [Server thread/INFO]: Using 4 threads for Netty based IO
[10:08:23] [Server thread/INFO]: Server Ping Player Sample Count: 12
[10:08:23] [Server thread/INFO]: -------- World Settings For [world] --------
[10:08:23] [Server thread/INFO]: Item Despawn Rate: 6000
[10:08:23] [Server thread/INFO]: Item Merge Radius: 2.5
[10:08:23] [Server thread/INFO]: Arrow Despawn Rate: 1200
[10:08:23] [Server thread/INFO]: View Distance: 10
[10:08:23] [Server thread/INFO]: Allow Zombie Pigmen to spawn from portal blocks: true
[10:08:23] [Server thread/INFO]: Max Entity Collisions: 8
[10:08:23] [Server thread/INFO]: Custom Map Seeds:  Village: 10387312 Feature: 14357617
[10:08:23] [Server thread/INFO]: Zombie Aggressive Towards Villager: true
[10:08:23] [Server thread/INFO]: Cactus Growth Modifier: 100%
[10:08:23] [Server thread/INFO]: Cane Growth Modifier: 100%
[10:08:23] [Server thread/INFO]: Melon Growth Modifier: 100%
[10:08:23] [Server thread/INFO]: Mushroom Growth Modifier: 100%
[10:08:23] [Server thread/INFO]: Pumpkin Growth Modifier: 100%
[10:08:23] [Server thread/INFO]: Sapling Growth Modifier: 100%
[10:08:23] [Server thread/INFO]: Wheat Growth Modifier: 100%
[10:08:23] [Server thread/INFO]: NetherWart Growth Modifier: 100%
[10:08:23] [Server thread/INFO]: Anti X-Ray: true
[10:08:23] [Server thread/INFO]: 	Engine Mode: 1
[10:08:23] [Server thread/INFO]: 	Hidden Blocks: [14, 15, 16, 21, 48, 49, 54, 56, 73, 74, 82, 129, 130]
[10:08:23] [Server thread/INFO]: 	Replace Blocks: [1, 5]
[10:08:23] [Server thread/INFO]: Nerfing mobs spawned from spawners: false
[10:08:23] [Server thread/INFO]: Mob Spawn Range: 4
[10:08:23] [Server thread/INFO]: Structure Info Saving: true
[10:08:23] [Server thread/INFO]: Entity Activation Range: An 32 / Mo 32 / Mi 16
[10:08:23] [Server thread/INFO]: Random Lighting Updates: false
[10:08:23] [Server thread/INFO]: Entity Tracking Range: Pl 48 / An 48 / Mo 48 / Mi 32 / Other 64
[10:08:23] [Server thread/INFO]: Max TNT Explosions: 100
[10:08:23] [Server thread/INFO]: Sending up to 10 chunks per packet
[10:08:23] [Server thread/INFO]: Hopper Transfer: 8 Hopper Check: 8 Hopper Amount: 1
[10:08:23] [Server thread/INFO]: Tile Max Tick Time: 50ms Entity max Tick Time: 50ms
[10:08:23] [Server thread/INFO]: Chunks to Grow per Tick: 650
[10:08:23] [Server thread/INFO]: Clear tick list: false
[10:08:23] [Server thread/INFO]: Experience Merge Radius: 3.0
[10:08:23] [Server thread/INFO]: -------- World Settings For [world_nether] --------
[10:08:23] [Server thread/INFO]: Item Despawn Rate: 6000
[10:08:23] [Server thread/INFO]: Item Merge Radius: 2.5
[10:08:23] [Server thread/INFO]: Arrow Despawn Rate: 1200
[10:08:23] [Server thread/INFO]: View Distance: 10
[10:08:23] [Server thread/INFO]: Allow Zombie Pigmen to spawn from portal blocks: true
[10:08:23] [Server thread/INFO]: Max Entity Collisions: 8
[10:08:23] [Server thread/INFO]: Custom Map Seeds:  Village: 10387312 Feature: 14357617
[10:08:23] [Server thread/INFO]: Zombie Aggressive Towards Villager: true
[10:08:23] [Server thread/INFO]: Cactus Growth Modifier: 100%
[10:08:23] [Server thread/INFO]: Cane Growth Modifier: 100%
[10:08:23] [Server thread/INFO]: Melon Growth Modifier: 100%
[10:08:23] [Server thread/INFO]: Mushroom Growth Modifier: 100%
[10:08:23] [Server thread/INFO]: Pumpkin Growth Modifier: 100%
[10:08:23] [Server thread/INFO]: Sapling Growth Modifier: 100%
[10:08:23] [Server thread/INFO]: Wheat Growth Modifier: 100%
[10:08:23] [Server thread/INFO]: NetherWart Growth Modifier: 100%
[10:08:23] [Server thread/INFO]: Anti X-Ray: true
[10:08:23] [Server thread/INFO]: 	Engine Mode: 1
[10:08:23] [Server thread/INFO]: 	Hidden Blocks: [14, 15, 16, 21, 48, 49, 54, 56, 73, 74, 82, 129, 130]
[10:08:23] [Server thread/INFO]: 	Replace Blocks: [1, 5]
[10:08:23] [Server thread/INFO]: Nerfing mobs spawned from spawners: false
[10:08:23] [Server thread/INFO]: Mob Spawn Range: 4
[10:08:23] [Server thread/INFO]: Structure Info Saving: true
[10:08:23] [Server thread/INFO]: Entity Activation Range: An 32 / Mo 32 / Mi 16
[10:08:23] [Server thread/INFO]: Random Lighting Updates: false
[10:08:23] [Server thread/INFO]: Entity Tracking Range: Pl 48 / An 48 / Mo 48 / Mi 32 / Other 64
[10:08:23] [Server thread/INFO]: Max TNT Explosions: 100
[10:08:23] [Server thread/INFO]: Sending up to 10 chunks per packet
[10:08:23] [Server thread/INFO]: Hopper Transfer: 8 Hopper Check: 8 Hopper Amount: 1
[10:08:23] [Server thread/INFO]: Tile Max Tick Time: 50ms Entity max Tick Time: 50ms
[10:08:23] [Server thread/INFO]: Chunks to Grow per Tick: 650
[10:08:23] [Server thread/INFO]: Clear tick list: false
[10:08:23] [Server thread/INFO]: Experience Merge Radius: 3.0
[10:08:23] [Server thread/INFO]: -------- World Settings For [world_the_end] --------
[10:08:23] [Server thread/INFO]: Item Despawn Rate: 6000
[10:08:23] [Server thread/INFO]: Item Merge Radius: 2.5
[10:08:23] [Server thread/INFO]: Arrow Despawn Rate: 1200
[10:08:23] [Server thread/INFO]: View Distance: 10
[10:08:23] [Server thread/INFO]: Allow Zombie Pigmen to spawn from portal blocks: true
[10:08:23] [Server thread/INFO]: Max Entity Collisions: 8
[10:08:23] [Server thread/INFO]: Custom Map Seeds:  Village: 10387312 Feature: 14357617
[10:08:23] [Server thread/INFO]: Zombie Aggressive Towards Villager: true
[10:08:23] [Server thread/INFO]: Cactus Growth Modifier: 100%
[10:08:23] [Server thread/INFO]: Cane Growth Modifier: 100%
[10:08:23] [Server thread/INFO]: Melon Growth Modifier: 100%
[10:08:23] [Server thread/INFO]: Mushroom Growth Modifier: 100%
[10:08:23] [Server thread/INFO]: Pumpkin Growth Modifier: 100%
[10:08:23] [Server thread/INFO]: Sapling Growth Modifier: 100%
[10:08:23] [Server thread/INFO]: Wheat Growth Modifier: 100%
[10:08:23] [Server thread/INFO]: NetherWart Growth Modifier: 100%
[10:08:23] [Server thread/INFO]: Anti X-Ray: true
[10:08:23] [Server thread/INFO]: 	Engine Mode: 1
[10:08:23] [Server thread/INFO]: 	Hidden Blocks: [14, 15, 16, 21, 48, 49, 54, 56, 73, 74, 82, 129, 130]
[10:08:23] [Server thread/INFO]: 	Replace Blocks: [1, 5]
[10:08:23] [Server thread/INFO]: Nerfing mobs spawned from spawners: false
[10:08:23] [Server thread/INFO]: Mob Spawn Range: 4
[10:08:23] [Server thread/INFO]: Structure Info Saving: true
[10:08:23] [Server thread/INFO]: Entity Activation Range: An 32 / Mo 32 / Mi 16
[10:08:23] [Server thread/INFO]: Random Lighting Updates: false
[10:08:23] [Server thread/INFO]: Entity Tracking Range: Pl 48 / An 48 / Mo 48 / Mi 32 / Other 64
[10:08:23] [Server thread/INFO]: Max TNT Explosions: 100
[10:08:23] [Server thread/INFO]: Sending up to 10 chunks per packet
[10:08:23] [Server thread/INFO]: Hopper Transfer: 8 Hopper Check: 8 Hopper Amount: 1
[10:08:23] [Server thread/INFO]: Tile Max Tick Time: 50ms Entity max Tick Time: 50ms
[10:08:23] [Server thread/INFO]: Chunks to Grow per Tick: 650
[10:08:23] [Server thread/INFO]: Clear tick list: false
[10:08:23] [Server thread/INFO]: Experience Merge Radius: 3.0
[10:08:23] [Server thread/INFO]: Server permissions file permissions.yml is empty, ignoring it
[10:08:23] [Server thread/INFO]: Midey1901: [0;32;1mReload complete.[m
[10:08:25] [Server thread/INFO]: Midey1901 lost connection: Disconnected
[10:08:25] [Server thread/INFO]: Midey1901 left the game.
[10:08:27] [Thread-10/INFO]: UUID of player Midey1901 is 220ad524-76ba-3fd9-8db5-d7d2733679e1
[10:08:27] [Server thread/INFO]: Midey1901[/127.0.0.1:52771] logged in with entity id 2239 at ([world]252.5, 65.0, -239.5)
[10:08:30] [Server thread/INFO]: Midey1901 issued server command: /pl
[10:08:52] [Server thread/INFO]: Midey1901 issued server command: /rl
[10:08:52] [Server thread/INFO]: Midey1901: [0;31;1mPlease note that this command is not supported and may cause issues when using some plugins.[m
[10:08:52] [Server thread/INFO]: Midey1901: [0;31;1mIf you encounter any issues please use the /stop command to restart your server.[m
[10:08:52] [Server thread/INFO]: Debug logging is disabled
[10:08:52] [Server thread/INFO]: Using 4 threads for Netty based IO
[10:08:52] [Server thread/INFO]: Server Ping Player Sample Count: 12
[10:08:52] [Server thread/INFO]: -------- World Settings For [world] --------
[10:08:52] [Server thread/INFO]: Item Despawn Rate: 6000
[10:08:52] [Server thread/INFO]: Item Merge Radius: 2.5
[10:08:52] [Server thread/INFO]: Arrow Despawn Rate: 1200
[10:08:52] [Server thread/INFO]: View Distance: 10
[10:08:52] [Server thread/INFO]: Allow Zombie Pigmen to spawn from portal blocks: true
[10:08:52] [Server thread/INFO]: Max Entity Collisions: 8
[10:08:52] [Server thread/INFO]: Custom Map Seeds:  Village: 10387312 Feature: 14357617
[10:08:52] [Server thread/INFO]: Zombie Aggressive Towards Villager: true
[10:08:52] [Server thread/INFO]: Cactus Growth Modifier: 100%
[10:08:52] [Server thread/INFO]: Cane Growth Modifier: 100%
[10:08:52] [Server thread/INFO]: Melon Growth Modifier: 100%
[10:08:52] [Server thread/INFO]: Mushroom Growth Modifier: 100%
[10:08:52] [Server thread/INFO]: Pumpkin Growth Modifier: 100%
[10:08:52] [Server thread/INFO]: Sapling Growth Modifier: 100%
[10:08:52] [Server thread/INFO]: Wheat Growth Modifier: 100%
[10:08:52] [Server thread/INFO]: NetherWart Growth Modifier: 100%
[10:08:52] [Server thread/INFO]: Anti X-Ray: true
[10:08:52] [Server thread/INFO]: 	Engine Mode: 1
[10:08:52] [Server thread/INFO]: 	Hidden Blocks: [14, 15, 16, 21, 48, 49, 54, 56, 73, 74, 82, 129, 130]
[10:08:52] [Server thread/INFO]: 	Replace Blocks: [1, 5]
[10:08:52] [Server thread/INFO]: Nerfing mobs spawned from spawners: false
[10:08:52] [Server thread/INFO]: Mob Spawn Range: 4
[10:08:52] [Server thread/INFO]: Structure Info Saving: true
[10:08:52] [Server thread/INFO]: Entity Activation Range: An 32 / Mo 32 / Mi 16
[10:08:52] [Server thread/INFO]: Random Lighting Updates: false
[10:08:52] [Server thread/INFO]: Entity Tracking Range: Pl 48 / An 48 / Mo 48 / Mi 32 / Other 64
[10:08:52] [Server thread/INFO]: Max TNT Explosions: 100
[10:08:52] [Server thread/INFO]: Sending up to 10 chunks per packet
[10:08:52] [Server thread/INFO]: Hopper Transfer: 8 Hopper Check: 8 Hopper Amount: 1
[10:08:52] [Server thread/INFO]: Tile Max Tick Time: 50ms Entity max Tick Time: 50ms
[10:08:52] [Server thread/INFO]: Chunks to Grow per Tick: 650
[10:08:52] [Server thread/INFO]: Clear tick list: false
[10:08:52] [Server thread/INFO]: Experience Merge Radius: 3.0
[10:08:52] [Server thread/INFO]: -------- World Settings For [world_nether] --------
[10:08:52] [Server thread/INFO]: Item Despawn Rate: 6000
[10:08:52] [Server thread/INFO]: Item Merge Radius: 2.5
[10:08:52] [Server thread/INFO]: Arrow Despawn Rate: 1200
[10:08:52] [Server thread/INFO]: View Distance: 10
[10:08:52] [Server thread/INFO]: Allow Zombie Pigmen to spawn from portal blocks: true
[10:08:52] [Server thread/INFO]: Max Entity Collisions: 8
[10:08:52] [Server thread/INFO]: Custom Map Seeds:  Village: 10387312 Feature: 14357617
[10:08:52] [Server thread/INFO]: Zombie Aggressive Towards Villager: true
[10:08:52] [Server thread/INFO]: Cactus Growth Modifier: 100%
[10:08:52] [Server thread/INFO]: Cane Growth Modifier: 100%
[10:08:52] [Server thread/INFO]: Melon Growth Modifier: 100%
[10:08:52] [Server thread/INFO]: Mushroom Growth Modifier: 100%
[10:08:52] [Server thread/INFO]: Pumpkin Growth Modifier: 100%
[10:08:52] [Server thread/INFO]: Sapling Growth Modifier: 100%
[10:08:52] [Server thread/INFO]: Wheat Growth Modifier: 100%
[10:08:52] [Server thread/INFO]: NetherWart Growth Modifier: 100%
[10:08:52] [Server thread/INFO]: Anti X-Ray: true
[10:08:52] [Server thread/INFO]: 	Engine Mode: 1
[10:08:52] [Server thread/INFO]: 	Hidden Blocks: [14, 15, 16, 21, 48, 49, 54, 56, 73, 74, 82, 129, 130]
[10:08:52] [Server thread/INFO]: 	Replace Blocks: [1, 5]
[10:08:52] [Server thread/INFO]: Nerfing mobs spawned from spawners: false
[10:08:52] [Server thread/INFO]: Mob Spawn Range: 4
[10:08:52] [Server thread/INFO]: Structure Info Saving: true
[10:08:52] [Server thread/INFO]: Entity Activation Range: An 32 / Mo 32 / Mi 16
[10:08:52] [Server thread/INFO]: Random Lighting Updates: false
[10:08:52] [Server thread/INFO]: Entity Tracking Range: Pl 48 / An 48 / Mo 48 / Mi 32 / Other 64
[10:08:52] [Server thread/INFO]: Max TNT Explosions: 100
[10:08:52] [Server thread/INFO]: Sending up to 10 chunks per packet
[10:08:52] [Server thread/INFO]: Hopper Transfer: 8 Hopper Check: 8 Hopper Amount: 1
[10:08:52] [Server thread/INFO]: Tile Max Tick Time: 50ms Entity max Tick Time: 50ms
[10:08:52] [Server thread/INFO]: Chunks to Grow per Tick: 650
[10:08:52] [Server thread/INFO]: Clear tick list: false
[10:08:52] [Server thread/INFO]: Experience Merge Radius: 3.0
[10:08:52] [Server thread/INFO]: -------- World Settings For [world_the_end] --------
[10:08:52] [Server thread/INFO]: Item Despawn Rate: 6000
[10:08:52] [Server thread/INFO]: Item Merge Radius: 2.5
[10:08:52] [Server thread/INFO]: Arrow Despawn Rate: 1200
[10:08:52] [Server thread/INFO]: View Distance: 10
[10:08:52] [Server thread/INFO]: Allow Zombie Pigmen to spawn from portal blocks: true
[10:08:52] [Server thread/INFO]: Max Entity Collisions: 8
[10:08:52] [Server thread/INFO]: Custom Map Seeds:  Village: 10387312 Feature: 14357617
[10:08:52] [Server thread/INFO]: Zombie Aggressive Towards Villager: true
[10:08:52] [Server thread/INFO]: Cactus Growth Modifier: 100%
[10:08:52] [Server thread/INFO]: Cane Growth Modifier: 100%
[10:08:52] [Server thread/INFO]: Melon Growth Modifier: 100%
[10:08:52] [Server thread/INFO]: Mushroom Growth Modifier: 100%
[10:08:52] [Server thread/INFO]: Pumpkin Growth Modifier: 100%
[10:08:52] [Server thread/INFO]: Sapling Growth Modifier: 100%
[10:08:52] [Server thread/INFO]: Wheat Growth Modifier: 100%
[10:08:52] [Server thread/INFO]: NetherWart Growth Modifier: 100%
[10:08:52] [Server thread/INFO]: Anti X-Ray: true
[10:08:52] [Server thread/INFO]: 	Engine Mode: 1
[10:08:52] [Server thread/INFO]: 	Hidden Blocks: [14, 15, 16, 21, 48, 49, 54, 56, 73, 74, 82, 129, 130]
[10:08:52] [Server thread/INFO]: 	Replace Blocks: [1, 5]
[10:08:52] [Server thread/INFO]: Nerfing mobs spawned from spawners: false
[10:08:52] [Server thread/INFO]: Mob Spawn Range: 4
[10:08:52] [Server thread/INFO]: Structure Info Saving: true
[10:08:52] [Server thread/INFO]: Entity Activation Range: An 32 / Mo 32 / Mi 16
[10:08:52] [Server thread/INFO]: Random Lighting Updates: false
[10:08:52] [Server thread/INFO]: Entity Tracking Range: Pl 48 / An 48 / Mo 48 / Mi 32 / Other 64
[10:08:52] [Server thread/INFO]: Max TNT Explosions: 100
[10:08:52] [Server thread/INFO]: Sending up to 10 chunks per packet
[10:08:52] [Server thread/INFO]: Hopper Transfer: 8 Hopper Check: 8 Hopper Amount: 1
[10:08:52] [Server thread/INFO]: Tile Max Tick Time: 50ms Entity max Tick Time: 50ms
[10:08:52] [Server thread/INFO]: Chunks to Grow per Tick: 650
[10:08:52] [Server thread/INFO]: Clear tick list: false
[10:08:52] [Server thread/INFO]: Experience Merge Radius: 3.0
[10:08:52] [Server thread/INFO]: Server permissions file permissions.yml is empty, ignoring it
[10:08:52] [Server thread/INFO]: Midey1901: [0;32;1mReload complete.[m
[10:08:54] [Server thread/INFO]: Midey1901 issued server command: /pl
[10:08:57] [Server thread/INFO]: Midey1901 lost connection: Disconnected
[10:08:57] [Server thread/INFO]: Midey1901 left the game.
[10:08:58] [Thread-11/INFO]: UUID of player Midey1901 is 220ad524-76ba-3fd9-8db5-d7d2733679e1
[10:08:58] [Server thread/INFO]: Midey1901[/127.0.0.1:52779] logged in with entity id 2257 at ([world]252.39734983840026, 64.0, -234.49566172027997)
